<?xml version="1.0" encoding="UTF-8"?>
<!-- Generated by org.testng.reporters.JUnitXMLReporter -->
<testsuite hostname="Federico-CX-PC" name="Caso 7 - POSITIVO - Sin loguearse, buscar un vuelo , reservar y verificar pasos del mismo - FireFox" tests="1" failures="0" timestamp="15 May 2015 04:23:44 GMT" time="132.998" errors="0">
  <testcase name="positiveTest2" time="124.305" classname="federico_bechini.training.globant.com.tests.Tests"/>
</testsuite> <!-- Caso 7 - POSITIVO - Sin loguearse, buscar un vuelo , reservar y verificar pasos del mismo - FireFox -->
