<?xml version="1.0" encoding="UTF-8"?>
<!-- Generated by org.testng.reporters.JUnitXMLReporter -->
<testsuite hostname="Federico-CX-PC" name="Caso 6 - NEGATIVO - Sin loguearse, buscar un vuelo y verificar error en el procedimiento mismo - Chrome" tests="1" failures="0" timestamp="15 May 2015 04:06:03 GMT" time="40.069" errors="0">
  <testcase name="negativeTest1" time="35.831" classname="federico_bechini.training.globant.com.tests.Tests"/>
</testsuite> <!-- Caso 6 - NEGATIVO - Sin loguearse, buscar un vuelo y verificar error en el procedimiento mismo - Chrome -->
