<?xml version="1.0" encoding="UTF-8"?>
<!-- Generated by org.testng.reporters.JUnitXMLReporter -->
<testsuite hostname="Federico-CX-PC" name="Caso 6 - NEGATIVO - Sin loguearse, buscar un vuelo , reservando y verificar pasos del mismo - Chrome" tests="1" failures="0" timestamp="13 May 2015 00:31:24 GMT" time="105.647" errors="0">
  <testcase name="negativeTest2" time="103.262" classname="federico_bechini.training.globant.com.tests.Tests"/>
</testsuite> <!-- Caso 6 - NEGATIVO - Sin loguearse, buscar un vuelo , reservando y verificar pasos del mismo - Chrome -->
