<?xml version="1.0" encoding="UTF-8"?>
<!-- Generated by org.testng.reporters.JUnitXMLReporter -->
<testsuite hostname="Federico-CX-PC" name="Caso 3 - Loguearse con password incorrecto y verificar el error - FireFox" tests="1" failures="0" timestamp="15 May 2015 04:18:13 GMT" time="52.301" errors="0">
  <testcase name="validateUserLogedFailPassword" time="44.748" classname="federico_bechini.training.globant.com.tests.Tests"/>
</testsuite> <!-- Caso 3 - Loguearse con password incorrecto y verificar el error - FireFox -->
