<?xml version="1.0" encoding="UTF-8"?>
<!-- Generated by org.testng.reporters.JUnitXMLReporter -->
<testsuite hostname="Federico-CX-PC" name="Caso 2 - Loguearse con usuario incorrecto y verificar el error - FireFox" tests="1" failures="0" timestamp="15 May 2015 04:17:21 GMT" time="57.316" errors="0">
  <testcase name="validateUserLogedFailUsername" time="49.26" classname="federico_bechini.training.globant.com.tests.Tests"/>
</testsuite> <!-- Caso 2 - Loguearse con usuario incorrecto y verificar el error - FireFox -->
