<?xml version="1.0" encoding="UTF-8"?>
<!-- Generated by org.testng.reporters.JUnitXMLReporter -->
<testsuite hostname="Federico-CX-PC" name="Caso 8 - Estando logueado, buscar un vuelo y verificar pasos del mismo - Chrome" tests="1" failures="0" timestamp="15 May 2015 04:11:45 GMT" time="188.845" errors="0">
  <testcase name="validateSearchStepsLogedIn" time="184.634" classname="federico_bechini.training.globant.com.tests.Tests"/>
</testsuite> <!-- Caso 8 - Estando logueado, buscar un vuelo y verificar pasos del mismo - Chrome -->
