<?xml version="1.0" encoding="UTF-8"?>
<!-- Generated by org.testng.reporters.JUnitXMLReporter -->
<testsuite hostname="Federico-CX-PC" name="Caso 6 - NEGATIVO - Sin loguearse, buscar un vuelo y verificar error en el procedimiento mismo - FireFox" tests="1" failures="0" timestamp="15 May 2015 04:19:19 GMT" time="45.93" errors="0">
  <testcase name="negativeTest1" time="38.534" classname="federico_bechini.training.globant.com.tests.Tests"/>
</testsuite> <!-- Caso 6 - NEGATIVO - Sin loguearse, buscar un vuelo y verificar error en el procedimiento mismo - FireFox -->
