<?xml version="1.0" encoding="UTF-8"?>
<!-- Generated by org.testng.reporters.JUnitXMLReporter -->
<testsuite hostname="Federico-CX-PC" name="Caso 5 - Sin loguearse, buscar un vuelo y verificar pasos del mismo - FireFox" tests="1" failures="0" timestamp="15 May 2015 04:21:17 GMT" time="184.393" errors="0">
  <testcase name="validateSearchSteps" time="176.447" classname="federico_bechini.training.globant.com.tests.Tests"/>
</testsuite> <!-- Caso 5 - Sin loguearse, buscar un vuelo y verificar pasos del mismo - FireFox -->
