<?xml version="1.0" encoding="UTF-8"?>
<!-- Generated by org.testng.reporters.JUnitXMLReporter -->
<testsuite hostname="Federico-CX-PC" name="Caso 6 - NEGATIVO - Sin loguearse, buscar un vuelo , reservando y verificar que faltan ingresar datos - FireFox" tests="1" failures="0" timestamp="15 May 2015 04:21:31 GMT" time="131.558" errors="0">
  <testcase name="negativeTest2" time="123.704" classname="federico_bechini.training.globant.com.tests.Tests"/>
</testsuite> <!-- Caso 6 - NEGATIVO - Sin loguearse, buscar un vuelo , reservando y verificar que faltan ingresar datos - FireFox -->
