<?xml version="1.0" encoding="UTF-8"?>
<!-- Generated by org.testng.reporters.JUnitXMLReporter -->
<testsuite hostname="Federico-CX-PC" name="Caso 9 - Sin loguearse, buscar un vuelo + hotel y verificar pasos del mismo - FireFox" tests="1" failures="0" timestamp="15 May 2015 04:26:12 GMT" time="148.079" errors="0">
  <testcase name="vaidateSearchHotelSteps" time="141.247" classname="federico_bechini.training.globant.com.tests.Tests"/>
</testsuite> <!-- Caso 9 - Sin loguearse, buscar un vuelo + hotel y verificar pasos del mismo - FireFox -->
