<?xml version="1.0" encoding="UTF-8"?>
<!-- Generated by org.testng.reporters.JUnitXMLReporter -->
<testsuite hostname="Federico-CX-PC" name="Caso 3 - Loguearse con password incorrecto y verificar el error - Chrome" tests="1" failures="0" timestamp="15 May 2015 04:05:10 GMT" time="54.425" errors="0">
  <testcase name="validateUserLogedFailPassword" time="48.585" classname="federico_bechini.training.globant.com.tests.Tests"/>
</testsuite> <!-- Caso 3 - Loguearse con password incorrecto y verificar el error - Chrome -->
