<?xml version="1.0" encoding="UTF-8"?>
<!-- Generated by org.testng.reporters.JUnitXMLReporter -->
<testsuite hostname="Federico-CX-PC" name="Caso 4 - Hacer logout y verificar que no estamos logueados - IExplorer" tests="1" failures="0" timestamp="15 May 2015 04:31:37 GMT" time="64.215" errors="0">
  <testcase name="validateLogout" time="58.228" classname="federico_bechini.training.globant.com.tests.Tests"/>
</testsuite> <!-- Caso 4 - Hacer logout y verificar que no estamos logueados - IExplorer -->
