<?xml version="1.0" encoding="UTF-8"?>
<!-- Generated by org.testng.reporters.JUnitXMLReporter -->
<testsuite hostname="Federico-CX-PC" name="Caso 5 - Sin loguearse, buscar un vuelo y verificar pasos del mismo - IExplorer" tests="1" failures="1" timestamp="15 May 2015 04:31:33 GMT" time="32.736" errors="0">
  <testcase name="validateSearchSteps" time="26.711" classname="federico_bechini.training.globant.com.tests.Tests">
    <failure type="org.openqa.selenium.NoSuchElementException" message="Unable to find element with name == ar.rt.leaveSlice.orig.key (WARNING: The server did not provide any stacktrace information)
Command duration or timeout: 366 milliseconds
For documentation on this error, please visit: http://seleniumhq.org/exceptions/no_such_element.html
Build info: version: &amp;apos;2.45.0&amp;apos;, revision: &amp;apos;5017cb8e7ca8e37638dc3091b2440b90a1d8686f&amp;apos;, time: &amp;apos;2015-02-27 09:10:26&amp;apos;
System info: host: &amp;apos;Federico-CX-PC&amp;apos;, ip: &amp;apos;192.168.91.1&amp;apos;, os.name: &amp;apos;Windows 8.1&amp;apos;, os.arch: &amp;apos;amd64&amp;apos;, os.version: &amp;apos;6.3&amp;apos;, java.version: &amp;apos;1.8.0_45&amp;apos;
Driver info: org.openqa.selenium.ie.InternetExplorerDriver
Capabilities [{browserAttachTimeout=0, enablePersistentHover=true, ie.forceCreateProcessApi=false, ie.usePerProcessProxy=false, ignoreZoomSetting=false, handlesAlerts=true, version=11, platform=WINDOWS, nativeEvents=true, ie.ensureCleanSession=true, elementScrollBehavior=0, ie.browserCommandLineSwitches=, requireWindowFocus=false, browserName=internet explorer, initialBrowserUrl=http://localhost:28007/, takesScreenshot=true, javascriptEnabled=true, ignoreProtectedModeSettings=true, enableElementCacheCleanup=true, cssSelectorsEnabled=true, unexpectedAlertBehaviour=dismiss}]
Session ID: 6304fadb-fa76-4088-a213-9febb7bdab4c
*** Element info: {Using=name, value=ar.rt.leaveSlice.orig.key}">
      <![CDATA[org.openqa.selenium.NoSuchElementException: Unable to find element with name == ar.rt.leaveSlice.orig.key (WARNING: The server did not provide any stacktrace information)
Command duration or timeout: 366 milliseconds
For documentation on this error, please visit: http://seleniumhq.org/exceptions/no_such_element.html
Build info: version: '2.45.0', revision: '5017cb8e7ca8e37638dc3091b2440b90a1d8686f', time: '2015-02-27 09:10:26'
System info: host: 'Federico-CX-PC', ip: '192.168.91.1', os.name: 'Windows 8.1', os.arch: 'amd64', os.version: '6.3', java.version: '1.8.0_45'
Driver info: org.openqa.selenium.ie.InternetExplorerDriver
Capabilities [{browserAttachTimeout=0, enablePersistentHover=true, ie.forceCreateProcessApi=false, ie.usePerProcessProxy=false, ignoreZoomSetting=false, handlesAlerts=true, version=11, platform=WINDOWS, nativeEvents=true, ie.ensureCleanSession=true, elementScrollBehavior=0, ie.browserCommandLineSwitches=, requireWindowFocus=false, browserName=internet explorer, initialBrowserUrl=http://localhost:28007/, takesScreenshot=true, javascriptEnabled=true, ignoreProtectedModeSettings=true, enableElementCacheCleanup=true, cssSelectorsEnabled=true, unexpectedAlertBehaviour=dismiss}]
Session ID: 6304fadb-fa76-4088-a213-9febb7bdab4c
*** Element info: {Using=name, value=ar.rt.leaveSlice.orig.key}
	at org.openqa.selenium.remote.ErrorHandler.createThrowable(ErrorHandler.java:204)
	at org.openqa.selenium.remote.ErrorHandler.throwIfResponseFailed(ErrorHandler.java:156)
	at org.openqa.selenium.remote.RemoteWebDriver.execute(RemoteWebDriver.java:599)
	at org.openqa.selenium.remote.RemoteWebDriver.findElement(RemoteWebDriver.java:352)
	at org.openqa.selenium.remote.RemoteWebDriver.findElementByName(RemoteWebDriver.java:425)
	at org.openqa.selenium.By$ByName.findElement(By.java:299)
	at org.openqa.selenium.remote.RemoteWebDriver.findElement(RemoteWebDriver.java:344)
	at federico_bechini.training.globant.com.tests.Tests.searchAndSteps(Tests.java:716)
	at federico_bechini.training.globant.com.tests.Tests.validateSearchSteps(Tests.java:247)
	at java.util.concurrent.FutureTask.run(Unknown Source)
	at java.util.concurrent.ThreadPoolExecutor.runWorker(Unknown Source)
	at java.util.concurrent.ThreadPoolExecutor$Worker.run(Unknown Source)
	at java.lang.Thread.run(Unknown Source)
... Removed 20 stack frames]]>
    </failure>
  </testcase> <!-- validateSearchSteps -->
</testsuite> <!-- Caso 5 - Sin loguearse, buscar un vuelo y verificar pasos del mismo - IExplorer -->
