<?xml version="1.0" encoding="UTF-8"?>
<!-- Generated by org.testng.reporters.JUnitXMLReporter -->
<testsuite hostname="Federico-CX-PC" name="Caso 7 - POSITIVO - Sin loguearse, buscar un vuelo y verificar pasos del mismo - Chrome" tests="1" failures="0" timestamp="13 May 2015 00:43:20 GMT" time="105.157" errors="0">
  <testcase name="positiveTest2" time="102.879" classname="federico_bechini.training.globant.com.tests.Tests"/>
</testsuite> <!-- Caso 7 - POSITIVO - Sin loguearse, buscar un vuelo y verificar pasos del mismo - Chrome -->
