<?xml version="1.0" encoding="UTF-8"?>
<!-- Generated by org.testng.reporters.JUnitXMLReporter -->
<testsuite hostname="Federico-CX-PC" name="Caso 6 - NEGATIVO - Sin loguearse, buscar un vuelo , reservando y verificar que faltan ingresar datos - Chrome" tests="1" failures="0" timestamp="15 May 2015 04:07:48 GMT" time="105.089" errors="0">
  <testcase name="negativeTest2" time="100.846" classname="federico_bechini.training.globant.com.tests.Tests"/>
</testsuite> <!-- Caso 6 - NEGATIVO - Sin loguearse, buscar un vuelo , reservando y verificar que faltan ingresar datos - Chrome -->
