<?xml version="1.0" encoding="UTF-8"?>
<!-- Generated by org.testng.reporters.JUnitXMLReporter -->
<testsuite hostname="Federico-CX-PC" name="Caso 8 - Estando logueado, buscar un vuelo y verificar pasos del mismo - IExplorer" tests="1" failures="0" timestamp="15 May 2015 04:36:22 GMT" time="213.652" errors="0">
  <testcase name="validateSearchStepsLogedIn" time="207.179" classname="federico_bechini.training.globant.com.tests.Tests"/>
</testsuite> <!-- Caso 8 - Estando logueado, buscar un vuelo y verificar pasos del mismo - IExplorer -->
