<?xml version="1.0" encoding="UTF-8"?>
<!-- Generated by org.testng.reporters.JUnitXMLReporter -->
<testsuite hostname="Federico-CX-PC" name="Caso 1 - Loguearse y verificar que el usuario este logueado - IExplorer" tests="1" failures="0" timestamp="15 May 2015 04:30:33 GMT" time="56.822" errors="0">
  <testcase name="validateUserLoged" time="48.598" classname="federico_bechini.training.globant.com.tests.Tests"/>
</testsuite> <!-- Caso 1 - Loguearse y verificar que el usuario este logueado - IExplorer -->
