<?xml version="1.0" encoding="UTF-8"?>
<!-- Generated by org.testng.reporters.JUnitXMLReporter -->
<testsuite hostname="Federico-CX-PC" name="Caso 4 - Hacer logout y verificar que no estamos logueados - FireFox" tests="1" failures="0" timestamp="15 May 2015 04:18:33 GMT" time="67.608" errors="0">
  <testcase name="validateLogout" time="58.934" classname="federico_bechini.training.globant.com.tests.Tests"/>
</testsuite> <!-- Caso 4 - Hacer logout y verificar que no estamos logueados - FireFox -->
