<?xml version="1.0" encoding="UTF-8"?>
<!-- Generated by org.testng.reporters.JUnitXMLReporter -->
<testsuite hostname="Federico-CX-PC" name="Caso 2 - Loguearse con usuario incorrecto y verificar el error - Chrome" tests="1" failures="0" timestamp="15 May 2015 04:04:15 GMT" time="54.941" errors="0">
  <testcase name="validateUserLogedFailUsername" time="48.037" classname="federico_bechini.training.globant.com.tests.Tests"/>
</testsuite> <!-- Caso 2 - Loguearse con usuario incorrecto y verificar el error - Chrome -->
